Performing C SOURCE FILE Test CMAKE_HAVE_LIBC_PTHREAD failed with the following output:
Change Dir: /home/sung/workspace/bullet/bullet3/build_cmake/CMakeFiles/CMakeTmp

Run Build Command(s):/usr/bin/make cmTC_21a40/fast && /usr/bin/make -f CMakeFiles/cmTC_21a40.dir/build.make CMakeFiles/cmTC_21a40.dir/build
make[1]: Entering directory '/home/sung/workspace/bullet/bullet3/build_cmake/CMakeFiles/CMakeTmp'
Building C object CMakeFiles/cmTC_21a40.dir/src.c.o
/usr/bin/cc   -DCMAKE_HAVE_LIBC_PTHREAD   -o CMakeFiles/cmTC_21a40.dir/src.c.o   -c /home/sung/workspace/bullet/bullet3/build_cmake/CMakeFiles/CMakeTmp/src.c
Linking C executable cmTC_21a40
/usr/local/bin/cmake -E cmake_link_script CMakeFiles/cmTC_21a40.dir/link.txt --verbose=1
/usr/bin/cc  -DCMAKE_HAVE_LIBC_PTHREAD    -rdynamic CMakeFiles/cmTC_21a40.dir/src.c.o  -o cmTC_21a40 
CMakeFiles/cmTC_21a40.dir/src.c.o: In function `main':
src.c:(.text+0x3e): undefined reference to `pthread_create'
src.c:(.text+0x4a): undefined reference to `pthread_detach'
src.c:(.text+0x5b): undefined reference to `pthread_join'
src.c:(.text+0x6f): undefined reference to `pthread_atfork'
collect2: error: ld returned 1 exit status
CMakeFiles/cmTC_21a40.dir/build.make:86: recipe for target 'cmTC_21a40' failed
make[1]: *** [cmTC_21a40] Error 1
make[1]: Leaving directory '/home/sung/workspace/bullet/bullet3/build_cmake/CMakeFiles/CMakeTmp'
Makefile:121: recipe for target 'cmTC_21a40/fast' failed
make: *** [cmTC_21a40/fast] Error 2


Source file was:
#include <pthread.h>

void* test_func(void* data)
{
  return data;
}

int main(void)
{
  pthread_t thread;
  pthread_create(&thread, NULL, test_func, NULL);
  pthread_detach(thread);
  pthread_join(thread, NULL);
  pthread_atfork(NULL, NULL, NULL);
  pthread_exit(NULL);

  return 0;
}

Determining if the function pthread_create exists in the pthreads failed with the following output:
Change Dir: /home/sung/workspace/bullet/bullet3/build_cmake/CMakeFiles/CMakeTmp

Run Build Command(s):/usr/bin/make cmTC_0433c/fast && /usr/bin/make -f CMakeFiles/cmTC_0433c.dir/build.make CMakeFiles/cmTC_0433c.dir/build
make[1]: Entering directory '/home/sung/workspace/bullet/bullet3/build_cmake/CMakeFiles/CMakeTmp'
Building C object CMakeFiles/cmTC_0433c.dir/CheckFunctionExists.c.o
/usr/bin/cc   -DCHECK_FUNCTION_EXISTS=pthread_create   -o CMakeFiles/cmTC_0433c.dir/CheckFunctionExists.c.o   -c /usr/local/share/cmake-3.16/Modules/CheckFunctionExists.c
Linking C executable cmTC_0433c
/usr/local/bin/cmake -E cmake_link_script CMakeFiles/cmTC_0433c.dir/link.txt --verbose=1
/usr/bin/cc  -DCHECK_FUNCTION_EXISTS=pthread_create    -rdynamic CMakeFiles/cmTC_0433c.dir/CheckFunctionExists.c.o  -o cmTC_0433c  -lpthreads 
/usr/bin/ld: cannot find -lpthreads
collect2: error: ld returned 1 exit status
CMakeFiles/cmTC_0433c.dir/build.make:86: recipe for target 'cmTC_0433c' failed
make[1]: *** [cmTC_0433c] Error 1
make[1]: Leaving directory '/home/sung/workspace/bullet/bullet3/build_cmake/CMakeFiles/CMakeTmp'
Makefile:121: recipe for target 'cmTC_0433c/fast' failed
make: *** [cmTC_0433c/fast] Error 2



